C:\USERS\BOX\DOCUMENTS\VISUAL STUDIO 2012\PROJECTS\DUNGEON\DUNGEON\DEBUG\DUNGEON.PCH
C:\USERS\BOX\DOCUMENTS\VISUAL STUDIO 2012\PROJECTS\DUNGEON\DUNGEON\DEBUG\STDAFX.OBJ
C:\USERS\BOX\DOCUMENTS\VISUAL STUDIO 2012\PROJECTS\DUNGEON\DUNGEON\DEBUG\VC110.PDB
C:\USERS\BOX\DOCUMENTS\VISUAL STUDIO 2012\PROJECTS\DUNGEON\DUNGEON\DEBUG\CELDA.OBJ
C:\USERS\BOX\DOCUMENTS\VISUAL STUDIO 2012\PROJECTS\DUNGEON\DUNGEON\DEBUG\DUNGEON.OBJ
C:\USERS\BOX\DOCUMENTS\VISUAL STUDIO 2012\PROJECTS\DUNGEON\DEBUG\DUNGEON.ILK
C:\USERS\BOX\DOCUMENTS\VISUAL STUDIO 2012\PROJECTS\DUNGEON\DEBUG\DUNGEON.EXE
C:\USERS\BOX\DOCUMENTS\VISUAL STUDIO 2012\PROJECTS\DUNGEON\DEBUG\DUNGEON.PDB
C:\Users\box\documents\visual studio 2012\Projects\Dungeon\Dungeon\Debug\Celda.obj
C:\Users\box\documents\visual studio 2012\Projects\Dungeon\Dungeon\Debug\Dungeon.obj
C:\Users\box\documents\visual studio 2012\Projects\Dungeon\Dungeon\Debug\stdafx.obj
C:\Users\box\documents\visual studio 2012\Projects\Dungeon\Dungeon\Debug\cl.command.1.tlog
C:\Users\box\documents\visual studio 2012\Projects\Dungeon\Dungeon\Debug\CL.read.1.tlog
C:\Users\box\documents\visual studio 2012\Projects\Dungeon\Dungeon\Debug\CL.write.1.tlog
C:\Users\box\documents\visual studio 2012\Projects\Dungeon\Dungeon\Debug\link-cvtres.read.1.tlog
C:\Users\box\documents\visual studio 2012\Projects\Dungeon\Dungeon\Debug\link-cvtres.write.1.tlog
C:\Users\box\documents\visual studio 2012\Projects\Dungeon\Dungeon\Debug\link-rc.read.1.tlog
C:\Users\box\documents\visual studio 2012\Projects\Dungeon\Dungeon\Debug\link-rc.write.1.tlog
C:\Users\box\documents\visual studio 2012\Projects\Dungeon\Dungeon\Debug\link.command.1.tlog
C:\Users\box\documents\visual studio 2012\Projects\Dungeon\Dungeon\Debug\link.read.1.tlog
C:\Users\box\documents\visual studio 2012\Projects\Dungeon\Dungeon\Debug\link.write.1.tlog
C:\Users\box\documents\visual studio 2012\Projects\Dungeon\Dungeon\Debug\Dungeon.pch
C:\Users\box\documents\visual studio 2012\Projects\Dungeon\Dungeon\Debug\vc110.idb
C:\Users\box\documents\visual studio 2012\Projects\Dungeon\Dungeon\Debug\vc110.pdb
C:\Users\box\documents\visual studio 2012\Projects\Dungeon\Debug\Dungeon.pdb
C:\Users\box\documents\visual studio 2012\Projects\Dungeon\Debug\Dungeon.exe
C:\Users\box\documents\visual studio 2012\Projects\Dungeon\Debug\Dungeon.ilk
