Build started 20-01-2015 22:45:31.
     1>Project "C:\Users\box\Documents\Visual Studio 2012\Projects\Dungeon\Mapas\Dungeon.vcxproj" on node 2 (Build target(s)).
     1>ClCompile:
         C:\Program Files (x86)\Microsoft Visual Studio 11.0\VC\bin\CL.exe /c /Ic:\allegro\include /ZI /nologo /W3 /WX- /sdl /Od /Oy- /D WIN32 /D _DEBUG /D _CONSOLE /D _UNICODE /D UNICODE /Gm /EHsc /RTC1 /MDd /GS /fp:precise /Zc:wchar_t /Zc:forScope /Yc"stdafx.h" /Fp"Debug\Mapas.pch" /Fo"Debug\\" /Fd"Debug\vc110.pdb" /Gd /TP /analyze- /errorReport:prompt stdafx.cpp
         stdafx.cpp
         C:\Program Files (x86)\Microsoft Visual Studio 11.0\VC\bin\CL.exe /c /Ic:\allegro\include /ZI /nologo /W3 /WX- /sdl /Od /Oy- /D WIN32 /D _DEBUG /D _CONSOLE /D _UNICODE /D UNICODE /Gm /EHsc /RTC1 /MDd /GS /fp:precise /Zc:wchar_t /Zc:forScope /Yu"stdafx.h" /Fp"Debug\Mapas.pch" /Fo"Debug\\" /Fd"Debug\vc110.pdb" /Gd /TP /analyze- /errorReport:prompt Automata.cpp Celda.cpp Mapas.cpp Mazmorra.cpp
         Mazmorra.cpp
         Mapas.cpp
         Celda.cpp
         Automata.cpp
         Generating Code...
       Link:
         C:\Program Files (x86)\Microsoft Visual Studio 11.0\VC\bin\link.exe /ERRORREPORT:PROMPT /OUT:"C:\Users\box\Documents\Visual Studio 2012\Projects\Dungeon\Debug\Mapas.exe" /INCREMENTAL /NOLOGO /LIBPATH:c:\allegro\lib "allegro-5.0.10-monolith-md-debug.lib" kernel32.lib user32.lib gdi32.lib winspool.lib comdlg32.lib advapi32.lib shell32.lib ole32.lib oleaut32.lib uuid.lib odbc32.lib odbccp32.lib /MANIFEST /MANIFESTUAC:"level='asInvoker' uiAccess='false'" /manifest:embed /DEBUG /PDB:"C:\Users\box\Documents\Visual Studio 2012\Projects\Dungeon\Debug\Mapas.pdb" /SUBSYSTEM:CONSOLE /TLBID:1 /DYNAMICBASE /NXCOMPAT /IMPLIB:"C:\Users\box\Documents\Visual Studio 2012\Projects\Dungeon\Debug\Mapas.lib" /MACHINE:X86 Debug\Automata.obj
         Debug\Celda.obj
         Debug\Mapas.obj
         Debug\Mazmorra.obj
         Debug\stdafx.obj
         Dungeon.vcxproj -> C:\Users\box\Documents\Visual Studio 2012\Projects\Dungeon\Debug\Mapas.exe
     1>Done Building Project "C:\Users\box\Documents\Visual Studio 2012\Projects\Dungeon\Mapas\Dungeon.vcxproj" (Build target(s)).

Build succeeded.

Time Elapsed 00:00:13.72
